<?xml version="1.0" encoding="UTF-8"?>
<!-- Generated by org.testng.reporters.JUnitXMLReporter -->
<testsuite ignored="0" hostname="PSSLDELAS2173" failures="0" tests="9" name="Default test" time="7.306" errors="0" timestamp="2023-04-17T12:05:52 IST">
  <testcase classname="testCases.SC001_Login" name="TC001" time="1.664"/>
  <testcase classname="testCases.SC001_Login" name="TC002" time="0.301"/>
  <testcase classname="testCases.SC001_Login" name="TC003" time="0.551"/>
  <testcase classname="testCases.SC001_Login" name="TC004" time="0.571"/>
  <testcase classname="testCases.SC001_Login" name="testLogin" time="0.208"/>
  <testcase classname="testCases.SC001_Login" name="testLogin" time="0.201"/>
  <testcase classname="testCases.SC001_Login" name="testLogin" time="0.17"/>
  <testcase classname="testCases.SC001_Login" name="testLogin" time="0.155"/>
  <testcase classname="testCases.SC001_Login" name="testLogin" time="0.162"/>
</testsuite> <!-- Default test -->
